<?xml version="1.0" encoding="UTF-8"?>
<!-- Generated by org.testng.reporters.JUnitReportReporter -->
<testsuite hostname="Desktop-LakshmananU" failures="0" tests="1" name="Siva_Nandhu_TestNG.Group_Register" time="4.031" errors="0" timestamp="2023-12-02T16:05:13 IST" skipped="0">
  <testcase classname="Siva_Nandhu_TestNG.Group_Register" name="registerlogin1" time="4.031"/>
  <system-out>
    <![CDATA[register smoke gr oo1]]>
  </system-out>
</testsuite> <!-- Siva_Nandhu_TestNG.Group_Register -->
