<?xml version="1.0" encoding="UTF-8"?>
<!-- Generated by org.testng.reporters.JUnitReportReporter -->
<testsuite hostname="Desktop-LakshmananU" failures="0" tests="1" name="Siva_Nandhu_TestNG.nandhu_challenge_Isdisplayed" time="13.469" errors="0" timestamp="2023-12-13T14:51:43 IST" skipped="0">
  <testcase classname="Siva_Nandhu_TestNG.nandhu_challenge_Isdisplayed" name="assertIsDisplayed" time="13.469"/>
  <system-out/>
</testsuite> <!-- Siva_Nandhu_TestNG.nandhu_challenge_Isdisplayed -->
