<?xml version="1.0" encoding="UTF-8"?>
<!-- Generated by org.testng.reporters.JUnitReportReporter -->
<testsuite hostname="Desktop-LakshmananU" failures="0" tests="1" name="Siva_Nandhu_TestNG.frameworkpurpose" time="43.752" errors="0" timestamp="2023-12-23T09:37:40 IST" skipped="0">
  <testcase classname="Siva_Nandhu_TestNG.frameworkpurpose" name="frameWork" time="43.752"/>
  <system-out/>
</testsuite> <!-- Siva_Nandhu_TestNG.frameworkpurpose -->
