<?xml version="1.0" encoding="UTF-8"?>
<!-- Generated by org.testng.reporters.JUnitReportReporter -->
<testsuite hostname="Desktop-LakshmananU" failures="0" tests="3" name="Siva_Nandhu_TestNG.parameters_nandhu_TwoDim_Array" time="69.029" errors="0" timestamp="2023-12-13T16:10:26 IST" skipped="0">
  <testcase classname="Siva_Nandhu_TestNG.parameters_nandhu_TwoDim_Array" name="regidter_001" time="22.132"/>
  <system-out/>
  <testcase classname="Siva_Nandhu_TestNG.parameters_nandhu_TwoDim_Array" name="regidter_001" time="22.864"/>
  <system-out/>
  <testcase classname="Siva_Nandhu_TestNG.parameters_nandhu_TwoDim_Array" name="regidter_001" time="24.033"/>
  <system-out/>
</testsuite> <!-- Siva_Nandhu_TestNG.parameters_nandhu_TwoDim_Array -->
