<?xml version="1.0" encoding="UTF-8"?>
<!-- Generated by org.testng.reporters.JUnitReportReporter -->
<testsuite hostname="Desktop-LakshmananU" failures="0" tests="1" name="Siva_Nandhu_TestNG.nothing_framework" time="23.928" errors="0" timestamp="2023-12-24T09:18:18 IST" skipped="0">
  <testcase classname="Siva_Nandhu_TestNG.nothing_framework" name="test" time="23.928"/>
  <system-out/>
</testsuite> <!-- Siva_Nandhu_TestNG.nothing_framework -->
