<?xml version="1.0" encoding="UTF-8"?>
<!-- Generated by org.testng.reporters.JUnitReportReporter -->
<testsuite hostname="Desktop-LakshmananU" failures="0" tests="1" name="Siva_Nandhu_TestNG.mvg_framework" time="19.210" errors="0" timestamp="2023-12-24T18:37:14 IST" skipped="0">
  <testcase classname="Siva_Nandhu_TestNG.mvg_framework" name="frameWork" time="19.210"/>
  <system-out/>
</testsuite> <!-- Siva_Nandhu_TestNG.mvg_framework -->
