<?xml version="1.0" encoding="UTF-8"?>
<!-- Generated by org.testng.reporters.JUnitReportReporter -->
<testsuite hostname="Desktop-LakshmananU" failures="0" tests="1" name="Siva_Nandhu_TestNG.ffffff" time="7.341" errors="0" timestamp="2023-12-12T06:36:51 IST" skipped="0">
  <testcase classname="Siva_Nandhu_TestNG.ffffff" name="notebook_Computer_001" time="7.341"/>
  <system-out/>
</testsuite> <!-- Siva_Nandhu_TestNG.ffffff -->
