<?xml version="1.0" encoding="UTF-8"?>
<!-- Generated by org.testng.reporters.JUnitReportReporter -->
<testsuite hostname="Desktop-LakshmananU" failures="0" tests="1" name="Siva_Nandhu_TestNG.Asics_Project" time="60.255" errors="0" timestamp="2023-12-29T12:25:37 IST" skipped="0">
  <testcase classname="Siva_Nandhu_TestNG.Asics_Project" name="frameWork" time="60.255"/>
  <system-out/>
</testsuite> <!-- Siva_Nandhu_TestNG.Asics_Project -->
