<?xml version="1.0" encoding="UTF-8"?>
<!-- Generated by org.testng.reporters.JUnitReportReporter -->
<testsuite hostname="Desktop-LakshmananU" failures="0" tests="1" name="Siva_Nandhu_TestNG.Group_Execution" time="7.180" errors="0" timestamp="2023-12-02T18:03:41 IST" skipped="0">
  <testcase classname="Siva_Nandhu_TestNG.Group_Execution" name="registerlogin1" time="7.180"/>
  <system-out>
    <![CDATA[register smoke ge oo1]]>
  </system-out>
</testsuite> <!-- Siva_Nandhu_TestNG.Group_Execution -->
