<?xml version="1.0" encoding="UTF-8"?>
<!-- Generated by org.testng.reporters.JUnitReportReporter -->
<testsuite hostname="Desktop-LakshmananU" failures="0" tests="1" name="Generic_Library.TestScript_Demo" time="3.418" errors="0" timestamp="2023-12-15T15:00:17 IST" skipped="0">
  <testcase classname="Generic_Library.TestScript_Demo" name="testScript001" time="3.418"/>
  <system-out/>
</testsuite> <!-- Generic_Library.TestScript_Demo -->
