<?xml version="1.0" encoding="UTF-8"?>
<!-- Generated by org.testng.reporters.JUnitReportReporter -->
<testsuite hostname="Desktop-LakshmananU" failures="0" tests="3" name="Siva_Nandhu_TestNG.Nandhu_Para_TestNG" time="41.032" errors="0" timestamp="2023-12-12T16:13:05 IST" skipped="0">
  <testcase classname="Siva_Nandhu_TestNG.Nandhu_Para_TestNG" name="parameter_002" time="9.716"/>
  <system-out/>
  <testcase classname="Siva_Nandhu_TestNG.Nandhu_Para_TestNG" name="parameter_001" time="16.733"/>
  <system-out/>
  <testcase classname="Siva_Nandhu_TestNG.Nandhu_Para_TestNG" name="parameter_003" time="14.583"/>
  <system-out/>
</testsuite> <!-- Siva_Nandhu_TestNG.Nandhu_Para_TestNG -->
