<?xml version="1.0" encoding="UTF-8"?>
<!-- Generated by org.testng.reporters.JUnitReportReporter -->
<testsuite hostname="Desktop-LakshmananU" failures="0" tests="3" name="Siva_Nandhu_TestNG.Iframes_nandhu" time="29.643" errors="0" timestamp="2023-12-18T10:51:39 IST" skipped="0">
  <testcase classname="Siva_Nandhu_TestNG.Iframes_nandhu" name="iframes_nan2_Multipleiframe" time="11.576"/>
  <system-out/>
  <testcase classname="Siva_Nandhu_TestNG.Iframes_nandhu" name="iframes_nan_Nested_iframe" time="10.418"/>
  <system-out/>
  <testcase classname="Siva_Nandhu_TestNG.Iframes_nandhu" name="iframes_nan_Defaultiframe" time="7.649"/>
  <system-out/>
</testsuite> <!-- Siva_Nandhu_TestNG.Iframes_nandhu -->
